timestamp: 2018-06-09T21:27:22.381000
CREATE TABLE "web2py_session_slugtutor183_"(
    "id" INTEGER PRIMARY KEY AUTOINCREMENT,
    "locked" CHAR(1),
    "client_ip" CHAR(64),
    "created_datetime" TIMESTAMP,
    "modified_datetime" TIMESTAMP,
    "unique_key" CHAR(64),
    "session_data" BLOB
);
success!
timestamp: 2018-06-09T21:27:22.436000
CREATE TABLE "auth_user"(
    "id" INTEGER PRIMARY KEY AUTOINCREMENT,
    "first_name" CHAR(128),
    "last_name" CHAR(128),
    "email" CHAR(512),
    "password" CHAR(512),
    "registration_key" CHAR(512),
    "reset_password_key" CHAR(512),
    "registration_id" CHAR(512)
);
success!
timestamp: 2018-06-09T21:27:22.478000
CREATE TABLE "auth_group"(
    "id" INTEGER PRIMARY KEY AUTOINCREMENT,
    "role" CHAR(512),
    "description" TEXT
);
success!
timestamp: 2018-06-09T21:27:22.513000
CREATE TABLE "auth_membership"(
    "id" INTEGER PRIMARY KEY AUTOINCREMENT,
    "user_id" INTEGER REFERENCES "auth_user" ("id") ON DELETE CASCADE  ,
    "group_id" INTEGER REFERENCES "auth_group" ("id") ON DELETE CASCADE  
);
success!
timestamp: 2018-06-09T21:27:22.583000
CREATE TABLE "auth_permission"(
    "id" INTEGER PRIMARY KEY AUTOINCREMENT,
    "group_id" INTEGER REFERENCES "auth_group" ("id") ON DELETE CASCADE  ,
    "name" CHAR(512),
    "table_name" CHAR(512),
    "record_id" INTEGER
);
success!
timestamp: 2018-06-09T21:27:22.673000
CREATE TABLE "auth_event"(
    "id" INTEGER PRIMARY KEY AUTOINCREMENT,
    "time_stamp" TIMESTAMP,
    "client_ip" CHAR(512),
    "user_id" INTEGER REFERENCES "auth_user" ("id") ON DELETE CASCADE  ,
    "origin" CHAR(512),
    "description" TEXT
);
success!
timestamp: 2018-06-09T21:27:22.713000
CREATE TABLE "auth_cas"(
    "id" INTEGER PRIMARY KEY AUTOINCREMENT,
    "user_id" INTEGER REFERENCES "auth_user" ("id") ON DELETE CASCADE  ,
    "created_on" TIMESTAMP,
    "service" CHAR(512),
    "ticket" CHAR(512),
    "renew" CHAR(1)
);
success!
timestamp: 2018-06-09T21:27:22.755000
CREATE TABLE "checklist"(
    "id" INTEGER PRIMARY KEY AUTOINCREMENT,
    "user_email" CHAR(512),
    "memo" TEXT,
    "updated_on" TIMESTAMP,
    "is_public" CHAR(1)
);
success!
timestamp: 2018-06-09T21:27:22.795000
CREATE TABLE "appointments"(
    "classname" CHAR(512),
    "appointment" TIMESTAMP NOT NULL,
    "tutor" CHAR(512) NOT NULL,
    "can_cancel" CHAR(1),
    "student" CHAR(512),
    "rate" DOUBLE,
    PRIMARY KEY("appointment", "tutor")) ;
success!
timestamp: 2018-06-09T21:27:22.835000
CREATE TABLE "tutor"(
    "name" CHAR(512) NOT NULL,
    "email" CHAR(512) NOT NULL,
    "major" CHAR(512) NOT NULL,
    "academic_year" CHAR(512),
    "classes" CHAR(512),
    "rating" DOUBLE,
    PRIMARY KEY("name", "email", "major")) ;
success!
timestamp: 2018-06-09T21:27:22.925000
CREATE TABLE "classes"(
    "title" CHAR(512) NOT NULL,
    "class_id" CHAR(512) NOT NULL,
    "professor" CHAR(512),
    "department" CHAR(512) NOT NULL,
    "department_id" CHAR(512),
    PRIMARY KEY("title", "class_id", "department")) ;
success!
timestamp: 2018-06-09T21:27:22.970000
CREATE TABLE "post"(
    "id" INTEGER PRIMARY KEY AUTOINCREMENT,
    "department" CHAR(512),
    "created_on" TIMESTAMP,
    "classnum" INTEGER,
    "classname" CHAR(512),
    "day_of" DATE,
    "start_time" TIME,
    "end_time" TIME,
    "rlocation" CHAR(512),
    "created_by" INTEGER REFERENCES "auth_user" ("id") ON DELETE CASCADE  ,
    "capacity" INTEGER,
    "students_joined" INTEGER REFERENCES "auth_user" ("id") ON DELETE CASCADE  ,
    "num_students_joined" INTEGER,
    "leader_email" CHAR(512),
    "leader_name" CHAR(512)
);
success!
timestamp: 2018-06-09T21:27:23.025000
CREATE TABLE "student"(
    "name" CHAR(512) NOT NULL,
    "email" CHAR(512) NOT NULL,
    "major" CHAR(512),
    "acadmic_year" INTEGER NOT NULL,
    PRIMARY KEY("name", "email", "acadmic_year")) ;
success!
timestamp: 2018-06-09T21:27:23.080000
CREATE TABLE "ownership"(
    "id" INTEGER PRIMARY KEY AUTOINCREMENT,
    "post" INTEGER REFERENCES "post" ("id") ON DELETE CASCADE  ,
    "student" INTEGER REFERENCES "auth_user" ("id") ON DELETE CASCADE  
);
success!
timestamp: 2018-06-09T21:48:42.325240
CREATE TABLE "web2py_session_slugtutor183"(
    "id" INTEGER PRIMARY KEY AUTOINCREMENT,
    "locked" CHAR(1),
    "client_ip" CHAR(64),
    "created_datetime" TIMESTAMP,
    "modified_datetime" TIMESTAMP,
    "unique_key" CHAR(64),
    "session_data" BLOB
);
success!
